[debug] [2025-01-26T20:22:13.852Z] ----------------------------------------------------------------------
[debug] [2025-01-26T20:22:13.855Z] Command:       C:\Program Files\nodejs\node.exe C:\Users\Usuario\AppData\Roaming\npm\node_modules\firebase-tools\lib\bin\firebase.js init
[debug] [2025-01-26T20:22:13.856Z] CLI Version:   13.29.2
[debug] [2025-01-26T20:22:13.856Z] Platform:      win32
[debug] [2025-01-26T20:22:13.856Z] Node Version:  v18.16.1
[debug] [2025-01-26T20:22:13.858Z] Time:          Sun Jan 26 2025 15:22:13 GMT-0500 (hora estándar de Colombia)
[debug] [2025-01-26T20:22:13.858Z] ----------------------------------------------------------------------
[debug] 
[debug] [2025-01-26T20:22:13.868Z] > command requires scopes: ["email","openid","https://www.googleapis.com/auth/cloudplatformprojects.readonly","https://www.googleapis.com/auth/firebase","https://www.googleapis.com/auth/cloud-platform"]
[debug] [2025-01-26T20:22:13.869Z] > authorizing via signed-in user (yexsonymalle@gmail.com)
[info] 
     ######## #### ########  ######## ########     ###     ######  ########
     ##        ##  ##     ## ##       ##     ##  ##   ##  ##       ##
     ######    ##  ########  ######   ########  #########  ######  ######
     ##        ##  ##    ##  ##       ##     ## ##     ##       ## ##
     ##       #### ##     ## ######## ########  ##     ##  ######  ########

You're about to initialize a Firebase project in this directory:

  C:\xampp\htdocs\BAUTIZO

Before we get started, keep in mind:

  * You are currently outside your home directory

[info] 
=== Project Setup
[info] 
[info] First, let's associate this project directory with a Firebase project.
[info] You can create multiple project aliases by running firebase use --add, 
[info] but for now we'll just set up a default project.
[info] 
[debug] [2025-01-26T20:22:46.510Z] Checked if tokens are valid: false, expires at: 1688785940263
[debug] [2025-01-26T20:22:46.510Z] Checked if tokens are valid: false, expires at: 1688785940263
[debug] [2025-01-26T20:22:46.510Z] > refreshing access token with scopes: []
[debug] [2025-01-26T20:22:46.514Z] >>> [apiv2][query] POST https://www.googleapis.com/oauth2/v3/token [none]
[debug] [2025-01-26T20:22:46.514Z] >>> [apiv2][body] POST https://www.googleapis.com/oauth2/v3/token [omitted]
[debug] [2025-01-26T20:22:47.155Z] <<< [apiv2][status] POST https://www.googleapis.com/oauth2/v3/token 400
[debug] [2025-01-26T20:22:47.155Z] <<< [apiv2][body] POST https://www.googleapis.com/oauth2/v3/token [omitted]
[debug] [2025-01-26T20:22:47.157Z] >>> [apiv2][query] GET https://firebase.googleapis.com/v1beta1/projects pageSize=100
[debug] [2025-01-26T20:22:47.678Z] <<< [apiv2][status] GET https://firebase.googleapis.com/v1beta1/projects 401
[debug] [2025-01-26T20:22:47.678Z] <<< [apiv2][body] GET https://firebase.googleapis.com/v1beta1/projects [omitted]
[debug] [2025-01-26T20:22:47.678Z] Got a 401 Unauthenticated error for a call that required authentication. Refreshing tokens.
[debug] [2025-01-26T20:22:47.678Z] Checked if tokens are valid: false, expires at: 1688785940263
[debug] [2025-01-26T20:22:47.678Z] Checked if tokens are valid: false, expires at: 1688785940263
[debug] [2025-01-26T20:22:47.679Z] > refreshing access token with scopes: []
[debug] [2025-01-26T20:22:47.679Z] >>> [apiv2][query] POST https://www.googleapis.com/oauth2/v3/token [none]
[debug] [2025-01-26T20:22:47.679Z] >>> [apiv2][body] POST https://www.googleapis.com/oauth2/v3/token [omitted]
[debug] [2025-01-26T20:22:47.936Z] <<< [apiv2][status] POST https://www.googleapis.com/oauth2/v3/token 400
[debug] [2025-01-26T20:22:47.936Z] <<< [apiv2][body] POST https://www.googleapis.com/oauth2/v3/token [omitted]
[debug] [2025-01-26T20:22:47.939Z] Request to https://firebase.googleapis.com/v1beta1/projects?pageSize=100 had HTTP Error: 401, Request had invalid authentication credentials. Expected OAuth 2 access token, login cookie or other valid authentication credential. See https://developers.google.com/identity/sign-in/web/devconsole-project.
[debug] [2025-01-26T20:22:48.174Z] FirebaseError: Request to https://firebase.googleapis.com/v1beta1/projects?pageSize=100 had HTTP Error: 401, Request had invalid authentication credentials. Expected OAuth 2 access token, login cookie or other valid authentication credential. See https://developers.google.com/identity/sign-in/web/devconsole-project.
    at responseToError (C:\Users\Usuario\AppData\Roaming\npm\node_modules\firebase-tools\lib\responseToError.js:52:12)
    at RetryOperation._fn (C:\Users\Usuario\AppData\Roaming\npm\node_modules\firebase-tools\lib\apiv2.js:312:77)
    at process.processTicksAndRejections (node:internal/process/task_queues:95:5)
[error] 
[error] Error: Failed to list Firebase projects. See firebase-debug.log for more info.
